<?xml version="1.0" encoding="UTF-8"?>
<testng-results ignored="0" total="1" passed="1" failed="0" skipped="0">
  <reporter-output>
  </reporter-output>
  <suite started-at="2024-12-23T23:00:37 IST" name="Default suite" finished-at="2024-12-23T23:00:55 IST" duration-ms="18246">
    <groups>
    </groups>
    <test started-at="2024-12-23T23:00:37 IST" name="Default test" finished-at="2024-12-23T23:00:55 IST" duration-ms="18246">
      <class name="com.Tests.MutipleBrowser">
        <test-method signature="LaunchURL()[pri:0, instance:com.Tests.MutipleBrowser@56cdfb3b]" started-at="2024-12-23T23:00:37 IST" name="LaunchURL" finished-at="2024-12-23T23:00:55 IST" duration-ms="18220" status="PASS">
          <reporter-output>
          </reporter-output>
        </test-method> <!-- LaunchURL -->
      </class> <!-- com.Tests.MutipleBrowser -->
    </test> <!-- Default test -->
  </suite> <!-- Default suite -->
</testng-results>
